<?xml version="1.0" encoding="UTF-8"?>
<testsuite name="model.RotateLeftStrategyTest" tests="3" skipped="0" failures="0" errors="0" timestamp="2024-12-05T18:40:54" hostname="DESKTOP-3JMO58F" time="0.004">
  <properties/>
  <testcase name="testRotateRectangularMatrix()" classname="model.RotateLeftStrategyTest" time="0.0"/>
  <testcase name="testRotate_EmptyArray()" classname="model.RotateLeftStrategyTest" time="0.002"/>
  <testcase name="testRotateSymmetry()" classname="model.RotateLeftStrategyTest" time="0.0"/>
  <system-out><![CDATA[]]></system-out>
  <system-err><![CDATA[]]></system-err>
</testsuite>
