<?xml version="1.0" encoding="UTF-8"?>
<testsuite name="model.BoardTest" tests="7" skipped="0" failures="0" errors="0" timestamp="2024-12-15T13:46:08" hostname="DESKTOP-3JMO58F" time="0.549">
  <properties/>
  <testcase name="testCheckGameOver()" classname="model.BoardTest" time="0.021"/>
  <testcase name="testNotifyLineCleared()" classname="model.BoardTest" time="0.493"/>
  <testcase name="testAddObserver()" classname="model.BoardTest" time="0.009"/>
  <testcase name="testDeleteFullLines()" classname="model.BoardTest" time="0.004"/>
  <testcase name="testInitializeBoard()" classname="model.BoardTest" time="0.002"/>
  <testcase name="testCanPlaceShape()" classname="model.BoardTest" time="0.002"/>
  <testcase name="testAddPositionedPiece()" classname="model.BoardTest" time="0.003"/>
  <system-out><![CDATA[]]></system-out>
  <system-err><![CDATA[]]></system-err>
</testsuite>
