<?xml version="1.0" encoding="UTF-8"?>
<testsuite name="PositionedPieceTest" tests="5" skipped="0" failures="0" errors="0" timestamp="2024-11-25T11:08:54" hostname="DESKTOP-3JMO58F" time="0.021">
  <properties/>
  <testcase name="testGettersAndSetters()" classname="PositionedPieceTest" time="0.001"/>
  <testcase name="testRotate_givenPositionedPieceWithPieceIsPiece()" classname="PositionedPieceTest" time="0.001"/>
  <testcase name="testRotate_givenPositionedPieceWithPieceIsPieceAndXIsZeroAndYIsMinusOne()" classname="PositionedPieceTest" time="0.003"/>
  <testcase name="testRotate_givenPositionedPieceWithPieceIsNull()" classname="PositionedPieceTest" time="0.004"/>
  <testcase name="testRotate_givenEmptyArrayOfChar()" classname="PositionedPieceTest" time="0.003"/>
  <system-out><![CDATA[]]></system-out>
  <system-err><![CDATA[]]></system-err>
</testsuite>
