<?xml version="1.0" encoding="UTF-8"?>
<testsuite name="states.StartMenuStateTest" tests="3" skipped="0" failures="0" errors="0" timestamp="2024-12-17T00:13:31" hostname="DESKTOP-3JMO58F" time="0.008">
  <properties/>
  <testcase name="testPressingSTransitionsToGameState()" classname="states.StartMenuStateTest" time="0.003"/>
  <testcase name="testPressingOtherKeysRemainsInStartMenuState()" classname="states.StartMenuStateTest" time="0.002"/>
  <testcase name="testPressingETransitionsToExit()" classname="states.StartMenuStateTest" time="0.002"/>
  <system-out><![CDATA[]]></system-out>
  <system-err><![CDATA[]]></system-err>
</testsuite>
