<?xml version="1.0" encoding="UTF-8"?>
<testsuite name="model.RotateRightStrategyTest" tests="4" skipped="0" failures="0" errors="0" timestamp="2024-12-15T13:46:08" hostname="DESKTOP-3JMO58F" time="0.007">
  <properties/>
  <testcase name="testRotate_withOverlap()" classname="model.RotateRightStrategyTest" time="0.001"/>
  <testcase name="testRotate_AzazArray()" classname="model.RotateRightStrategyTest" time="0.0"/>
  <testcase name="testRotate_atBoardEdge()" classname="model.RotateRightStrategyTest" time="0.0"/>
  <testcase name="testRotate_EmptyArray()" classname="model.RotateRightStrategyTest" time="0.002"/>
  <system-out><![CDATA[]]></system-out>
  <system-err><![CDATA[]]></system-err>
</testsuite>
