<?xml version="1.0" encoding="UTF-8"?>
<testsuite name="BoardTest" tests="6" skipped="0" failures="0" errors="0" timestamp="2024-11-25T11:08:54" hostname="DESKTOP-3JMO58F" time="0.023">
  <properties/>
  <testcase name="testCheckGameOver()" classname="BoardTest" time="0.012"/>
  <testcase name="testAddObserver()" classname="BoardTest" time="0.004"/>
  <testcase name="testDeleteFullLines()" classname="BoardTest" time="0.001"/>
  <testcase name="testInitializeBoard()" classname="BoardTest" time="0.0"/>
  <testcase name="testCanPlaceShape()" classname="BoardTest" time="0.001"/>
  <testcase name="testAddPositionedPiece()" classname="BoardTest" time="0.0"/>
  <system-out><![CDATA[]]></system-out>
  <system-err><![CDATA[]]></system-err>
</testsuite>
