<?xml version="1.0" encoding="UTF-8"?>
<testsuite name="PositionedPieceTest" tests="5" skipped="0" failures="0" errors="0" timestamp="2024-11-24T17:49:53" hostname="DESKTOP-3JMO58F" time="0.018">
  <properties/>
  <testcase name="testGettersAndSetters()" classname="PositionedPieceTest" time="0.001"/>
  <testcase name="testRotate_givenPositionedPieceWithPieceIsPiece()" classname="PositionedPieceTest" time="0.001"/>
  <testcase name="testRotate_givenPositionedPieceWithPieceIsPieceAndXIsZeroAndYIsMinusOne()" classname="PositionedPieceTest" time="0.0"/>
  <testcase name="testRotate_givenPositionedPieceWithPieceIsNull()" classname="PositionedPieceTest" time="0.009"/>
  <testcase name="testRotate_givenEmptyArrayOfChar()" classname="PositionedPieceTest" time="0.001"/>
  <system-out><![CDATA[]]></system-out>
  <system-err><![CDATA[]]></system-err>
</testsuite>
