<?xml version="1.0" encoding="UTF-8"?>
<testsuite name="main.MainTest" tests="2" skipped="0" failures="0" errors="0" timestamp="2024-12-17T22:06:32" hostname="DESKTOP-3JMO58F" time="0.509">
  <properties/>
  <testcase name="start_ShouldHandleExceptionsGracefully()" classname="main.MainTest" time="0.38"/>
  <testcase name="start_ShouldInitializeComponentsCorrectly()" classname="main.MainTest" time="0.128"/>
  <system-out><![CDATA[]]></system-out>
  <system-err><![CDATA[]]></system-err>
</testsuite>
