<?xml version="1.0" encoding="UTF-8"?>
<testsuite name="model.ScoreTest" tests="3" skipped="0" failures="0" errors="0" timestamp="2024-12-05T18:40:54" hostname="DESKTOP-3JMO58F" time="0.009">
  <properties/>
  <testcase name="testOnGameOver()" classname="model.ScoreTest" time="0.007"/>
  <testcase name="testInitialScore()" classname="model.ScoreTest" time="0.0"/>
  <testcase name="testOnlineCleared()" classname="model.ScoreTest" time="0.0"/>
  <system-out><![CDATA[controller.Game Over! Final model.Score: 0
]]></system-out>
  <system-err><![CDATA[]]></system-err>
</testsuite>
