<?xml version="1.0" encoding="UTF-8"?>
<testsuite name="model.PositionedPieceTest" tests="5" skipped="0" failures="0" errors="0" timestamp="2024-12-17T22:06:33" hostname="DESKTOP-3JMO58F" time="0.016">
  <properties/>
  <testcase name="testGettersAndSetters()" classname="model.PositionedPieceTest" time="0.002"/>
  <testcase name="testRotate_givenPositionedPieceWithPieceIsPiece()" classname="model.PositionedPieceTest" time="0.002"/>
  <testcase name="testRotate_givenPositionedPieceWithPieceIsPieceAndXIsZeroAndYIsMinusOne()" classname="model.PositionedPieceTest" time="0.002"/>
  <testcase name="testRotate_givenPositionedPieceWithPieceIsNull()" classname="model.PositionedPieceTest" time="0.003"/>
  <testcase name="testRotate_givenEmptyArrayOfChar()" classname="model.PositionedPieceTest" time="0.003"/>
  <system-out><![CDATA[]]></system-out>
  <system-err><![CDATA[]]></system-err>
</testsuite>
