<?xml version="1.0" encoding="UTF-8"?>
<testsuite name="states.StartMenuStateTest" tests="3" skipped="0" failures="0" errors="0" timestamp="2024-12-17T22:06:34" hostname="DESKTOP-3JMO58F" time="0.03">
  <properties/>
  <testcase name="testPressingSTransitionsToGameState()" classname="states.StartMenuStateTest" time="0.016"/>
  <testcase name="testPressingOtherKeysRemainsInStartMenuState()" classname="states.StartMenuStateTest" time="0.009"/>
  <testcase name="testPressingETransitionsToExit()" classname="states.StartMenuStateTest" time="0.005"/>
  <system-out><![CDATA[]]></system-out>
  <system-err><![CDATA[]]></system-err>
</testsuite>
