<?xml version="1.0" encoding="UTF-8"?>
<testsuite name="RotateRightStrategyTest" tests="4" skipped="0" failures="0" errors="0" timestamp="2024-11-25T11:08:54" hostname="DESKTOP-3JMO58F" time="0.007">
  <properties/>
  <testcase name="testRotate_withOverlap()" classname="RotateRightStrategyTest" time="0.0"/>
  <testcase name="testRotate_AzazArray()" classname="RotateRightStrategyTest" time="0.001"/>
  <testcase name="testRotate_atBoardEdge()" classname="RotateRightStrategyTest" time="0.0"/>
  <testcase name="testRotate_EmptyArray()" classname="RotateRightStrategyTest" time="0.004"/>
  <system-out><![CDATA[]]></system-out>
  <system-err><![CDATA[]]></system-err>
</testsuite>
