<?xml version="1.0" encoding="UTF-8"?>
<testsuite name="view.GameRendererTest" tests="4" skipped="0" failures="0" errors="0" timestamp="2024-12-17T00:13:31" hostname="DESKTOP-3JMO58F" time="0.038">
  <properties/>
  <testcase name="testRender_NextPieceDisplayedCorrectly()" classname="view.GameRendererTest" time="0.009"/>
  <testcase name="testRenderCalledWithCorrectParameters()" classname="view.GameRendererTest" time="0.008"/>
  <testcase name="testRender_WithBonusActiveAndChoosingLines()" classname="view.GameRendererTest" time="0.008"/>
  <testcase name="testRender_WhenGameIsPaused()" classname="view.GameRendererTest" time="0.011"/>
  <system-out><![CDATA[]]></system-out>
  <system-err><![CDATA[]]></system-err>
</testsuite>
